21-Jan-2021 13:02:12.542 SEVERE [main] org.apache.catalina.startup.Catalina.stopServer Could not contact [localhost:8005] (base port [8005] and offset [0]). Tomcat may not be running.
21-Jan-2021 13:25:39.461 SEVERE [main] org.apache.catalina.startup.Catalina.stopServer Could not contact [localhost:8005] (base port [8005] and offset [0]). Tomcat may not be running.
21-Jan-2021 13:28:10.711 INFO [main] org.apache.catalina.startup.VersionLoggerListener.log Server version name:   Apache Tomcat/9.0.41
21-Jan-2021 13:28:10.722 INFO [main] org.apache.catalina.startup.VersionLoggerListener.log Server built:          Dec 3 2020 11:43:00 UTC
21-Jan-2021 13:28:10.722 INFO [main] org.apache.catalina.startup.VersionLoggerListener.log Server version number: 9.0.41.0
21-Jan-2021 13:28:10.723 INFO [main] org.apache.catalina.startup.VersionLoggerListener.log OS Name:               Windows 10
21-Jan-2021 13:28:10.723 INFO [main] org.apache.catalina.startup.VersionLoggerListener.log OS Version:            10.0
21-Jan-2021 13:28:10.731 INFO [main] org.apache.catalina.startup.VersionLoggerListener.log Architecture:          amd64
21-Jan-2021 13:28:10.731 INFO [main] org.apache.catalina.startup.VersionLoggerListener.log Java Home:             C:\Program Files\Java\jdk-14.0.2
21-Jan-2021 13:28:10.732 INFO [main] org.apache.catalina.startup.VersionLoggerListener.log JVM Version:           14.0.2+12-46
21-Jan-2021 13:28:10.733 INFO [main] org.apache.catalina.startup.VersionLoggerListener.log JVM Vendor:            Oracle Corporation
21-Jan-2021 13:28:10.733 INFO [main] org.apache.catalina.startup.VersionLoggerListener.log CATALINA_BASE:         C:\Users\Keko\eclipse-workspace\apache-tomcat-9.0.41
21-Jan-2021 13:28:10.733 INFO [main] org.apache.catalina.startup.VersionLoggerListener.log CATALINA_HOME:         C:\Users\Keko\eclipse-workspace\apache-tomcat-9.0.41
21-Jan-2021 13:28:10.746 INFO [main] org.apache.catalina.startup.VersionLoggerListener.log Command line argument: --add-opens=java.base/java.lang=ALL-UNNAMED
21-Jan-2021 13:28:10.747 INFO [main] org.apache.catalina.startup.VersionLoggerListener.log Command line argument: --add-opens=java.base/java.io=ALL-UNNAMED
21-Jan-2021 13:28:10.747 INFO [main] org.apache.catalina.startup.VersionLoggerListener.log Command line argument: --add-opens=java.rmi/sun.rmi.transport=ALL-UNNAMED
21-Jan-2021 13:28:10.747 INFO [main] org.apache.catalina.startup.VersionLoggerListener.log Command line argument: -Djava.util.logging.config.file=C:\Users\Keko\eclipse-workspace\apache-tomcat-9.0.41\conf\logging.properties
21-Jan-2021 13:28:10.748 INFO [main] org.apache.catalina.startup.VersionLoggerListener.log Command line argument: -Djava.util.logging.manager=org.apache.juli.ClassLoaderLogManager
21-Jan-2021 13:28:10.748 INFO [main] org.apache.catalina.startup.VersionLoggerListener.log Command line argument: -Djdk.tls.ephemeralDHKeySize=2048
21-Jan-2021 13:28:10.752 INFO [main] org.apache.catalina.startup.VersionLoggerListener.log Command line argument: -Djava.protocol.handler.pkgs=org.apache.catalina.webresources
21-Jan-2021 13:28:10.753 INFO [main] org.apache.catalina.startup.VersionLoggerListener.log Command line argument: -Dignore.endorsed.dirs=
21-Jan-2021 13:28:10.754 INFO [main] org.apache.catalina.startup.VersionLoggerListener.log Command line argument: -Dcatalina.base=C:\Users\Keko\eclipse-workspace\apache-tomcat-9.0.41
21-Jan-2021 13:28:10.755 INFO [main] org.apache.catalina.startup.VersionLoggerListener.log Command line argument: -Dcatalina.home=C:\Users\Keko\eclipse-workspace\apache-tomcat-9.0.41
21-Jan-2021 13:28:10.755 INFO [main] org.apache.catalina.startup.VersionLoggerListener.log Command line argument: -Djava.io.tmpdir=C:\Users\Keko\eclipse-workspace\apache-tomcat-9.0.41\temp
21-Jan-2021 13:28:10.765 INFO [main] org.apache.catalina.core.AprLifecycleListener.lifecycleEvent The Apache Tomcat Native library which allows using OpenSSL was not found on the java.library.path: [C:\Program Files\Java\jdk-14.0.2\bin;C:\WINDOWS\Sun\Java\bin;C:\WINDOWS\system32;C:\WINDOWS;C:\Program Files (x86)\Common Files\Oracle\Java\javapath;C:\WINDOWS\system32;C:\WINDOWS;C:\WINDOWS\System32\Wbem;C:\WINDOWS\System32\WindowsPowerShell\v1.0\;C:\WINDOWS\System32\OpenSSH\;C:\Program Files (x86)\ATI Technologies\ATI.ACE\Core-Static;C:\Program Files\Microsoft SQL Server\130\Tools\Binn\;C:\Program Files\Microsoft SQL Server\Client SDK\ODBC\170\Tools\Binn\;%JAVA_HOME%\bin;C:\wamp64\bin\php\php7.3.21;C:\Program Files\Git\cmd;C:\Program Files\Git\mingw64\bin;C:\Program Files\Git\usr\bin;C:\Program Files\nodejs\;C:\Program Files\dotnet\;C:\ProgramData\ComposerSetup\bin;C:\Program Files (x86)\dotnet\;C:\Program Files (x86)\Microsoft SQL Server\150\Tools\Binn\;C:\Program Files\Microsoft SQL Server\150\Tools\Binn\;C:\Program Files\Microsoft SQL Server\150\DTS\Binn\;C:\Program Files (x86)\Microsoft SQL Server\150\DTS\Binn\;C:\Program Files\Azure Data Studio\bin;C:\Users\Keko\AppData\Local\Microsoft\WindowsApps;C:\Users\Keko\.dotnet\tools;C:\Users\Keko\AppData\Local\atom\bin;C:\Users\Keko\AppData\Roaming\npm;C:\Users\Keko\.dotnet\tools;C:\Users\Keko\AppData\Roaming\Composer\vendor\bin;C:\Program Files\Azure Data Studio\bin;.]
21-Jan-2021 13:28:11.255 INFO [main] org.apache.coyote.AbstractProtocol.init Initializing ProtocolHandler ["http-nio-8080"]
21-Jan-2021 13:28:11.350 SEVERE [main] org.apache.catalina.util.LifecycleBase.handleSubClassException Failed to initialize component [Connector[HTTP/1.1-8080]]
	org.apache.catalina.LifecycleException: Protocol handler initialization failed
		at org.apache.catalina.connector.Connector.initInternal(Connector.java:1042)
		at org.apache.catalina.util.LifecycleBase.init(LifecycleBase.java:136)
		at org.apache.catalina.core.StandardService.initInternal(StandardService.java:558)
		at org.apache.catalina.util.LifecycleBase.init(LifecycleBase.java:136)
		at org.apache.catalina.core.StandardServer.initInternal(StandardServer.java:1057)
		at org.apache.catalina.util.LifecycleBase.init(LifecycleBase.java:136)
		at org.apache.catalina.startup.Catalina.load(Catalina.java:724)
		at org.apache.catalina.startup.Catalina.load(Catalina.java:746)
		at java.base/jdk.internal.reflect.NativeMethodAccessorImpl.invoke0(Native Method)
		at java.base/jdk.internal.reflect.NativeMethodAccessorImpl.invoke(NativeMethodAccessorImpl.java:62)
		at java.base/jdk.internal.reflect.DelegatingMethodAccessorImpl.invoke(DelegatingMethodAccessorImpl.java:43)
		at java.base/java.lang.reflect.Method.invoke(Method.java:564)
		at org.apache.catalina.startup.Bootstrap.load(Bootstrap.java:302)
		at org.apache.catalina.startup.Bootstrap.main(Bootstrap.java:472)
	Caused by: java.net.BindException: Address already in use: bind
		at java.base/sun.nio.ch.Net.bind0(Native Method)
		at java.base/sun.nio.ch.Net.bind(Net.java:479)
		at java.base/sun.nio.ch.Net.bind(Net.java:468)
		at java.base/sun.nio.ch.ServerSocketChannelImpl.bind(ServerSocketChannelImpl.java:220)
		at java.base/sun.nio.ch.ServerSocketAdaptor.bind(ServerSocketAdaptor.java:88)
		at org.apache.tomcat.util.net.NioEndpoint.initServerSocket(NioEndpoint.java:228)
		at org.apache.tomcat.util.net.NioEndpoint.bind(NioEndpoint.java:211)
		at org.apache.tomcat.util.net.AbstractEndpoint.bindWithCleanup(AbstractEndpoint.java:1159)
		at org.apache.tomcat.util.net.AbstractEndpoint.init(AbstractEndpoint.java:1172)
		at org.apache.coyote.AbstractProtocol.init(AbstractProtocol.java:592)
		at org.apache.coyote.http11.AbstractHttp11Protocol.init(AbstractHttp11Protocol.java:80)
		at org.apache.catalina.connector.Connector.initInternal(Connector.java:1039)
		... 13 more
21-Jan-2021 13:28:11.355 INFO [main] org.apache.catalina.startup.Catalina.load Server initialization in [956] milliseconds
21-Jan-2021 13:28:11.425 INFO [main] org.apache.catalina.core.StandardService.startInternal Starting service [Catalina]
21-Jan-2021 13:28:11.426 INFO [main] org.apache.catalina.core.StandardEngine.startInternal Starting Servlet engine: [Apache Tomcat/9.0.41]
21-Jan-2021 13:28:11.445 INFO [main] org.apache.catalina.startup.HostConfig.deployDirectory Deploying web application directory [C:\Users\Keko\eclipse-workspace\apache-tomcat-9.0.41\webapps\docs]
21-Jan-2021 13:28:11.947 INFO [main] org.apache.catalina.startup.HostConfig.deployDirectory Deployment of web application directory [C:\Users\Keko\eclipse-workspace\apache-tomcat-9.0.41\webapps\docs] has finished in [501] ms
21-Jan-2021 13:28:11.948 INFO [main] org.apache.catalina.startup.HostConfig.deployDirectory Deploying web application directory [C:\Users\Keko\eclipse-workspace\apache-tomcat-9.0.41\webapps\examples]
21-Jan-2021 13:28:12.871 INFO [main] org.apache.catalina.startup.HostConfig.deployDirectory Deployment of web application directory [C:\Users\Keko\eclipse-workspace\apache-tomcat-9.0.41\webapps\examples] has finished in [923] ms
21-Jan-2021 13:28:12.872 INFO [main] org.apache.catalina.startup.HostConfig.deployDirectory Deploying web application directory [C:\Users\Keko\eclipse-workspace\apache-tomcat-9.0.41\webapps\host-manager]
21-Jan-2021 13:28:12.948 INFO [main] org.apache.catalina.startup.HostConfig.deployDirectory Deployment of web application directory [C:\Users\Keko\eclipse-workspace\apache-tomcat-9.0.41\webapps\host-manager] has finished in [75] ms
21-Jan-2021 13:28:12.949 INFO [main] org.apache.catalina.startup.HostConfig.deployDirectory Deploying web application directory [C:\Users\Keko\eclipse-workspace\apache-tomcat-9.0.41\webapps\manager]
21-Jan-2021 13:28:13.005 INFO [main] org.apache.catalina.startup.HostConfig.deployDirectory Deployment of web application directory [C:\Users\Keko\eclipse-workspace\apache-tomcat-9.0.41\webapps\manager] has finished in [57] ms
21-Jan-2021 13:28:13.006 INFO [main] org.apache.catalina.startup.HostConfig.deployDirectory Deploying web application directory [C:\Users\Keko\eclipse-workspace\apache-tomcat-9.0.41\webapps\ROOT]
21-Jan-2021 13:28:13.056 INFO [main] org.apache.catalina.startup.HostConfig.deployDirectory Deployment of web application directory [C:\Users\Keko\eclipse-workspace\apache-tomcat-9.0.41\webapps\ROOT] has finished in [49] ms
21-Jan-2021 13:28:13.065 INFO [main] org.apache.catalina.startup.Catalina.start Server startup in [1706] milliseconds
21-Jan-2021 13:28:13.076 SEVERE [main] org.apache.catalina.core.StandardServer.await Failed to create server shutdown socket on address [localhost] and port [8005] (base port [8005] and offset [0])
	java.net.BindException: Address already in use: bind
		at java.base/sun.nio.ch.Net.bind0(Native Method)
		at java.base/sun.nio.ch.Net.bind(Net.java:479)
		at java.base/sun.nio.ch.Net.bind(Net.java:468)
		at java.base/sun.nio.ch.NioSocketImpl.bind(NioSocketImpl.java:643)
		at java.base/java.net.ServerSocket.bind(ServerSocket.java:396)
		at java.base/java.net.ServerSocket.<init>(ServerSocket.java:282)
		at org.apache.catalina.core.StandardServer.await(StandardServer.java:584)
		at org.apache.catalina.startup.Catalina.await(Catalina.java:864)
		at org.apache.catalina.startup.Catalina.start(Catalina.java:810)
		at java.base/jdk.internal.reflect.NativeMethodAccessorImpl.invoke0(Native Method)
		at java.base/jdk.internal.reflect.NativeMethodAccessorImpl.invoke(NativeMethodAccessorImpl.java:62)
		at java.base/jdk.internal.reflect.DelegatingMethodAccessorImpl.invoke(DelegatingMethodAccessorImpl.java:43)
		at java.base/java.lang.reflect.Method.invoke(Method.java:564)
		at org.apache.catalina.startup.Bootstrap.start(Bootstrap.java:342)
		at org.apache.catalina.startup.Bootstrap.main(Bootstrap.java:473)
21-Jan-2021 13:28:13.078 INFO [main] org.apache.coyote.AbstractProtocol.pause Pausing ProtocolHandler ["http-nio-8080"]
21-Jan-2021 13:28:13.080 INFO [main] org.apache.catalina.core.StandardService.stopInternal Stopping service [Catalina]
21-Jan-2021 13:28:13.115 INFO [main] org.apache.coyote.AbstractProtocol.stop Stopping ProtocolHandler ["http-nio-8080"]
21-Jan-2021 13:28:13.117 INFO [main] org.apache.coyote.AbstractProtocol.destroy Destroying ProtocolHandler ["http-nio-8080"]
21-Jan-2021 13:28:52.221 INFO [main] org.apache.catalina.startup.VersionLoggerListener.log Server version name:   Apache Tomcat/9.0.41
21-Jan-2021 13:28:52.227 INFO [main] org.apache.catalina.startup.VersionLoggerListener.log Server built:          Dec 3 2020 11:43:00 UTC
21-Jan-2021 13:28:52.228 INFO [main] org.apache.catalina.startup.VersionLoggerListener.log Server version number: 9.0.41.0
21-Jan-2021 13:28:52.228 INFO [main] org.apache.catalina.startup.VersionLoggerListener.log OS Name:               Windows 10
21-Jan-2021 13:28:52.229 INFO [main] org.apache.catalina.startup.VersionLoggerListener.log OS Version:            10.0
21-Jan-2021 13:28:52.229 INFO [main] org.apache.catalina.startup.VersionLoggerListener.log Architecture:          amd64
21-Jan-2021 13:28:52.229 INFO [main] org.apache.catalina.startup.VersionLoggerListener.log Java Home:             C:\Program Files\Java\jdk-14.0.2
21-Jan-2021 13:28:52.230 INFO [main] org.apache.catalina.startup.VersionLoggerListener.log JVM Version:           14.0.2+12-46
21-Jan-2021 13:28:52.230 INFO [main] org.apache.catalina.startup.VersionLoggerListener.log JVM Vendor:            Oracle Corporation
21-Jan-2021 13:28:52.230 INFO [main] org.apache.catalina.startup.VersionLoggerListener.log CATALINA_BASE:         C:\Users\Keko\eclipse-workspace\apache-tomcat-9.0.41
21-Jan-2021 13:28:52.231 INFO [main] org.apache.catalina.startup.VersionLoggerListener.log CATALINA_HOME:         C:\Users\Keko\eclipse-workspace\apache-tomcat-9.0.41
21-Jan-2021 13:28:52.251 INFO [main] org.apache.catalina.startup.VersionLoggerListener.log Command line argument: --add-opens=java.base/java.lang=ALL-UNNAMED
21-Jan-2021 13:28:52.252 INFO [main] org.apache.catalina.startup.VersionLoggerListener.log Command line argument: --add-opens=java.base/java.io=ALL-UNNAMED
21-Jan-2021 13:28:52.252 INFO [main] org.apache.catalina.startup.VersionLoggerListener.log Command line argument: --add-opens=java.rmi/sun.rmi.transport=ALL-UNNAMED
21-Jan-2021 13:28:52.252 INFO [main] org.apache.catalina.startup.VersionLoggerListener.log Command line argument: -Djava.util.logging.config.file=C:\Users\Keko\eclipse-workspace\apache-tomcat-9.0.41\conf\logging.properties
21-Jan-2021 13:28:52.253 INFO [main] org.apache.catalina.startup.VersionLoggerListener.log Command line argument: -Djava.util.logging.manager=org.apache.juli.ClassLoaderLogManager
21-Jan-2021 13:28:52.254 INFO [main] org.apache.catalina.startup.VersionLoggerListener.log Command line argument: -Djdk.tls.ephemeralDHKeySize=2048
21-Jan-2021 13:28:52.255 INFO [main] org.apache.catalina.startup.VersionLoggerListener.log Command line argument: -Djava.protocol.handler.pkgs=org.apache.catalina.webresources
21-Jan-2021 13:28:52.256 INFO [main] org.apache.catalina.startup.VersionLoggerListener.log Command line argument: -Dignore.endorsed.dirs=
21-Jan-2021 13:28:52.257 INFO [main] org.apache.catalina.startup.VersionLoggerListener.log Command line argument: -Dcatalina.base=C:\Users\Keko\eclipse-workspace\apache-tomcat-9.0.41
21-Jan-2021 13:28:52.257 INFO [main] org.apache.catalina.startup.VersionLoggerListener.log Command line argument: -Dcatalina.home=C:\Users\Keko\eclipse-workspace\apache-tomcat-9.0.41
21-Jan-2021 13:28:52.258 INFO [main] org.apache.catalina.startup.VersionLoggerListener.log Command line argument: -Djava.io.tmpdir=C:\Users\Keko\eclipse-workspace\apache-tomcat-9.0.41\temp
21-Jan-2021 13:28:52.269 INFO [main] org.apache.catalina.core.AprLifecycleListener.lifecycleEvent The Apache Tomcat Native library which allows using OpenSSL was not found on the java.library.path: [C:\Program Files\Java\jdk-14.0.2\bin;C:\WINDOWS\Sun\Java\bin;C:\WINDOWS\system32;C:\WINDOWS;C:\Program Files (x86)\Common Files\Oracle\Java\javapath;C:\WINDOWS\system32;C:\WINDOWS;C:\WINDOWS\System32\Wbem;C:\WINDOWS\System32\WindowsPowerShell\v1.0\;C:\WINDOWS\System32\OpenSSH\;C:\Program Files (x86)\ATI Technologies\ATI.ACE\Core-Static;C:\Program Files\Microsoft SQL Server\130\Tools\Binn\;C:\Program Files\Microsoft SQL Server\Client SDK\ODBC\170\Tools\Binn\;%JAVA_HOME%\bin;C:\wamp64\bin\php\php7.3.21;C:\Program Files\Git\cmd;C:\Program Files\Git\mingw64\bin;C:\Program Files\Git\usr\bin;C:\Program Files\nodejs\;C:\Program Files\dotnet\;C:\ProgramData\ComposerSetup\bin;C:\Program Files (x86)\dotnet\;C:\Program Files (x86)\Microsoft SQL Server\150\Tools\Binn\;C:\Program Files\Microsoft SQL Server\150\Tools\Binn\;C:\Program Files\Microsoft SQL Server\150\DTS\Binn\;C:\Program Files (x86)\Microsoft SQL Server\150\DTS\Binn\;C:\Program Files\Azure Data Studio\bin;C:\Users\Keko\AppData\Local\Microsoft\WindowsApps;C:\Users\Keko\.dotnet\tools;C:\Users\Keko\AppData\Local\atom\bin;C:\Users\Keko\AppData\Roaming\npm;C:\Users\Keko\.dotnet\tools;C:\Users\Keko\AppData\Roaming\Composer\vendor\bin;C:\Program Files\Azure Data Studio\bin;.]
21-Jan-2021 13:28:52.759 INFO [main] org.apache.coyote.AbstractProtocol.init Initializing ProtocolHandler ["http-nio-8080"]
21-Jan-2021 13:28:52.913 INFO [main] org.apache.catalina.startup.Catalina.load Server initialization in [1000] milliseconds
21-Jan-2021 13:28:53.007 INFO [main] org.apache.catalina.core.StandardService.startInternal Starting service [Catalina]
21-Jan-2021 13:28:53.011 INFO [main] org.apache.catalina.core.StandardEngine.startInternal Starting Servlet engine: [Apache Tomcat/9.0.41]
21-Jan-2021 13:28:53.032 INFO [main] org.apache.catalina.startup.HostConfig.deployDirectory Deploying web application directory [C:\Users\Keko\eclipse-workspace\apache-tomcat-9.0.41\webapps\docs]
21-Jan-2021 13:28:53.683 INFO [main] org.apache.catalina.startup.HostConfig.deployDirectory Deployment of web application directory [C:\Users\Keko\eclipse-workspace\apache-tomcat-9.0.41\webapps\docs] has finished in [650] ms
21-Jan-2021 13:28:53.684 INFO [main] org.apache.catalina.startup.HostConfig.deployDirectory Deploying web application directory [C:\Users\Keko\eclipse-workspace\apache-tomcat-9.0.41\webapps\examples]
21-Jan-2021 13:28:54.524 INFO [main] org.apache.catalina.startup.HostConfig.deployDirectory Deployment of web application directory [C:\Users\Keko\eclipse-workspace\apache-tomcat-9.0.41\webapps\examples] has finished in [840] ms
21-Jan-2021 13:28:54.526 INFO [main] org.apache.catalina.startup.HostConfig.deployDirectory Deploying web application directory [C:\Users\Keko\eclipse-workspace\apache-tomcat-9.0.41\webapps\host-manager]
21-Jan-2021 13:28:54.588 INFO [main] org.apache.catalina.startup.HostConfig.deployDirectory Deployment of web application directory [C:\Users\Keko\eclipse-workspace\apache-tomcat-9.0.41\webapps\host-manager] has finished in [63] ms
21-Jan-2021 13:28:54.589 INFO [main] org.apache.catalina.startup.HostConfig.deployDirectory Deploying web application directory [C:\Users\Keko\eclipse-workspace\apache-tomcat-9.0.41\webapps\manager]
21-Jan-2021 13:28:54.657 INFO [main] org.apache.catalina.startup.HostConfig.deployDirectory Deployment of web application directory [C:\Users\Keko\eclipse-workspace\apache-tomcat-9.0.41\webapps\manager] has finished in [68] ms
21-Jan-2021 13:28:54.659 INFO [main] org.apache.catalina.startup.HostConfig.deployDirectory Deploying web application directory [C:\Users\Keko\eclipse-workspace\apache-tomcat-9.0.41\webapps\ROOT]
21-Jan-2021 13:28:54.713 INFO [main] org.apache.catalina.startup.HostConfig.deployDirectory Deployment of web application directory [C:\Users\Keko\eclipse-workspace\apache-tomcat-9.0.41\webapps\ROOT] has finished in [54] ms
21-Jan-2021 13:28:54.721 INFO [main] org.apache.coyote.AbstractProtocol.start Starting ProtocolHandler ["http-nio-8080"]
21-Jan-2021 13:28:54.738 INFO [main] org.apache.catalina.startup.Catalina.start Server startup in [1823] milliseconds
21-Jan-2021 13:41:03.025 SEVERE [main] org.apache.catalina.startup.Catalina.stopServer Could not contact [localhost:8005] (base port [8005] and offset [0]). Tomcat may not be running.
21-Jan-2021 13:41:06.644 INFO [main] org.apache.catalina.startup.VersionLoggerListener.log Server version name:   Apache Tomcat/9.0.41
21-Jan-2021 13:41:06.650 INFO [main] org.apache.catalina.startup.VersionLoggerListener.log Server built:          Dec 3 2020 11:43:00 UTC
21-Jan-2021 13:41:06.651 INFO [main] org.apache.catalina.startup.VersionLoggerListener.log Server version number: 9.0.41.0
21-Jan-2021 13:41:06.651 INFO [main] org.apache.catalina.startup.VersionLoggerListener.log OS Name:               Windows 10
21-Jan-2021 13:41:06.651 INFO [main] org.apache.catalina.startup.VersionLoggerListener.log OS Version:            10.0
21-Jan-2021 13:41:06.652 INFO [main] org.apache.catalina.startup.VersionLoggerListener.log Architecture:          amd64
21-Jan-2021 13:41:06.652 INFO [main] org.apache.catalina.startup.VersionLoggerListener.log Java Home:             C:\Program Files\Java\jdk-14.0.2
21-Jan-2021 13:41:06.652 INFO [main] org.apache.catalina.startup.VersionLoggerListener.log JVM Version:           14.0.2+12-46
21-Jan-2021 13:41:06.652 INFO [main] org.apache.catalina.startup.VersionLoggerListener.log JVM Vendor:            Oracle Corporation
21-Jan-2021 13:41:06.652 INFO [main] org.apache.catalina.startup.VersionLoggerListener.log CATALINA_BASE:         C:\Users\Keko\eclipse-workspace\apache-tomcat-9.0.41
21-Jan-2021 13:41:06.652 INFO [main] org.apache.catalina.startup.VersionLoggerListener.log CATALINA_HOME:         C:\Users\Keko\eclipse-workspace\apache-tomcat-9.0.41
21-Jan-2021 13:41:06.670 INFO [main] org.apache.catalina.startup.VersionLoggerListener.log Command line argument: --add-opens=java.base/java.lang=ALL-UNNAMED
21-Jan-2021 13:41:06.670 INFO [main] org.apache.catalina.startup.VersionLoggerListener.log Command line argument: --add-opens=java.base/java.io=ALL-UNNAMED
21-Jan-2021 13:41:06.671 INFO [main] org.apache.catalina.startup.VersionLoggerListener.log Command line argument: --add-opens=java.rmi/sun.rmi.transport=ALL-UNNAMED
21-Jan-2021 13:41:06.671 INFO [main] org.apache.catalina.startup.VersionLoggerListener.log Command line argument: -Djava.util.logging.config.file=C:\Users\Keko\eclipse-workspace\apache-tomcat-9.0.41\conf\logging.properties
21-Jan-2021 13:41:06.671 INFO [main] org.apache.catalina.startup.VersionLoggerListener.log Command line argument: -Djava.util.logging.manager=org.apache.juli.ClassLoaderLogManager
21-Jan-2021 13:41:06.672 INFO [main] org.apache.catalina.startup.VersionLoggerListener.log Command line argument: -Djdk.tls.ephemeralDHKeySize=2048
21-Jan-2021 13:41:06.673 INFO [main] org.apache.catalina.startup.VersionLoggerListener.log Command line argument: -Djava.protocol.handler.pkgs=org.apache.catalina.webresources
21-Jan-2021 13:41:06.674 INFO [main] org.apache.catalina.startup.VersionLoggerListener.log Command line argument: -Dignore.endorsed.dirs=
21-Jan-2021 13:41:06.675 INFO [main] org.apache.catalina.startup.VersionLoggerListener.log Command line argument: -Dcatalina.base=C:\Users\Keko\eclipse-workspace\apache-tomcat-9.0.41
21-Jan-2021 13:41:06.675 INFO [main] org.apache.catalina.startup.VersionLoggerListener.log Command line argument: -Dcatalina.home=C:\Users\Keko\eclipse-workspace\apache-tomcat-9.0.41
21-Jan-2021 13:41:06.676 INFO [main] org.apache.catalina.startup.VersionLoggerListener.log Command line argument: -Djava.io.tmpdir=C:\Users\Keko\eclipse-workspace\apache-tomcat-9.0.41\temp
21-Jan-2021 13:41:06.686 INFO [main] org.apache.catalina.core.AprLifecycleListener.lifecycleEvent The Apache Tomcat Native library which allows using OpenSSL was not found on the java.library.path: [C:\Program Files\Java\jdk-14.0.2\bin;C:\WINDOWS\Sun\Java\bin;C:\WINDOWS\system32;C:\WINDOWS;C:\Program Files (x86)\Common Files\Oracle\Java\javapath;C:\WINDOWS\system32;C:\WINDOWS;C:\WINDOWS\System32\Wbem;C:\WINDOWS\System32\WindowsPowerShell\v1.0\;C:\WINDOWS\System32\OpenSSH\;C:\Program Files (x86)\ATI Technologies\ATI.ACE\Core-Static;C:\Program Files\Microsoft SQL Server\130\Tools\Binn\;C:\Program Files\Microsoft SQL Server\Client SDK\ODBC\170\Tools\Binn\;%JAVA_HOME%\bin;C:\wamp64\bin\php\php7.3.21;C:\Program Files\Git\cmd;C:\Program Files\Git\mingw64\bin;C:\Program Files\Git\usr\bin;C:\Program Files\nodejs\;C:\Program Files\dotnet\;C:\ProgramData\ComposerSetup\bin;C:\Program Files (x86)\dotnet\;C:\Program Files (x86)\Microsoft SQL Server\150\Tools\Binn\;C:\Program Files\Microsoft SQL Server\150\Tools\Binn\;C:\Program Files\Microsoft SQL Server\150\DTS\Binn\;C:\Program Files (x86)\Microsoft SQL Server\150\DTS\Binn\;C:\Program Files\Azure Data Studio\bin;C:\Users\Keko\AppData\Local\Microsoft\WindowsApps;C:\Users\Keko\.dotnet\tools;C:\Users\Keko\AppData\Local\atom\bin;C:\Users\Keko\AppData\Roaming\npm;C:\Users\Keko\.dotnet\tools;C:\Users\Keko\AppData\Roaming\Composer\vendor\bin;C:\Program Files\Azure Data Studio\bin;.]
21-Jan-2021 13:41:07.156 INFO [main] org.apache.coyote.AbstractProtocol.init Initializing ProtocolHandler ["http-nio-8080"]
21-Jan-2021 13:41:07.266 INFO [main] org.apache.catalina.startup.Catalina.load Server initialization in [947] milliseconds
21-Jan-2021 13:41:07.337 INFO [main] org.apache.catalina.core.StandardService.startInternal Starting service [Catalina]
21-Jan-2021 13:41:07.338 INFO [main] org.apache.catalina.core.StandardEngine.startInternal Starting Servlet engine: [Apache Tomcat/9.0.41]
21-Jan-2021 13:41:07.352 INFO [main] org.apache.catalina.startup.HostConfig.deployDirectory Deploying web application directory [C:\Users\Keko\eclipse-workspace\apache-tomcat-9.0.41\webapps\docs]
21-Jan-2021 13:41:07.804 INFO [main] org.apache.catalina.startup.HostConfig.deployDirectory Deployment of web application directory [C:\Users\Keko\eclipse-workspace\apache-tomcat-9.0.41\webapps\docs] has finished in [451] ms
21-Jan-2021 13:41:07.805 INFO [main] org.apache.catalina.startup.HostConfig.deployDirectory Deploying web application directory [C:\Users\Keko\eclipse-workspace\apache-tomcat-9.0.41\webapps\examples]
21-Jan-2021 13:41:08.605 INFO [main] org.apache.catalina.startup.HostConfig.deployDirectory Deployment of web application directory [C:\Users\Keko\eclipse-workspace\apache-tomcat-9.0.41\webapps\examples] has finished in [800] ms
21-Jan-2021 13:41:08.606 INFO [main] org.apache.catalina.startup.HostConfig.deployDirectory Deploying web application directory [C:\Users\Keko\eclipse-workspace\apache-tomcat-9.0.41\webapps\host-manager]
21-Jan-2021 13:41:08.666 INFO [main] org.apache.catalina.startup.HostConfig.deployDirectory Deployment of web application directory [C:\Users\Keko\eclipse-workspace\apache-tomcat-9.0.41\webapps\host-manager] has finished in [61] ms
21-Jan-2021 13:41:08.667 INFO [main] org.apache.catalina.startup.HostConfig.deployDirectory Deploying web application directory [C:\Users\Keko\eclipse-workspace\apache-tomcat-9.0.41\webapps\manager]
21-Jan-2021 13:41:08.726 INFO [main] org.apache.catalina.startup.HostConfig.deployDirectory Deployment of web application directory [C:\Users\Keko\eclipse-workspace\apache-tomcat-9.0.41\webapps\manager] has finished in [59] ms
21-Jan-2021 13:41:08.727 INFO [main] org.apache.catalina.startup.HostConfig.deployDirectory Deploying web application directory [C:\Users\Keko\eclipse-workspace\apache-tomcat-9.0.41\webapps\ROOT]
21-Jan-2021 13:41:08.778 INFO [main] org.apache.catalina.startup.HostConfig.deployDirectory Deployment of web application directory [C:\Users\Keko\eclipse-workspace\apache-tomcat-9.0.41\webapps\ROOT] has finished in [51] ms
21-Jan-2021 13:41:08.785 INFO [main] org.apache.coyote.AbstractProtocol.start Starting ProtocolHandler ["http-nio-8080"]
21-Jan-2021 13:41:08.803 INFO [main] org.apache.catalina.startup.Catalina.start Server startup in [1534] milliseconds
