27-Jan-2021 10:47:27.859 SEVERE [main] org.apache.catalina.startup.Catalina.stopServer Could not contact [localhost:8005] (base port [8005] and offset [0]). Tomcat may not be running.
27-Jan-2021 10:47:44.929 INFO [main] org.apache.catalina.startup.VersionLoggerListener.log Server version name:   Apache Tomcat/9.0.41
27-Jan-2021 10:47:44.936 INFO [main] org.apache.catalina.startup.VersionLoggerListener.log Server built:          Dec 3 2020 11:43:00 UTC
27-Jan-2021 10:47:44.937 INFO [main] org.apache.catalina.startup.VersionLoggerListener.log Server version number: 9.0.41.0
27-Jan-2021 10:47:44.937 INFO [main] org.apache.catalina.startup.VersionLoggerListener.log OS Name:               Windows 10
27-Jan-2021 10:47:44.937 INFO [main] org.apache.catalina.startup.VersionLoggerListener.log OS Version:            10.0
27-Jan-2021 10:47:44.937 INFO [main] org.apache.catalina.startup.VersionLoggerListener.log Architecture:          amd64
27-Jan-2021 10:47:44.938 INFO [main] org.apache.catalina.startup.VersionLoggerListener.log Java Home:             C:\Program Files\Java\jdk-14.0.2
27-Jan-2021 10:47:44.938 INFO [main] org.apache.catalina.startup.VersionLoggerListener.log JVM Version:           14.0.2+12-46
27-Jan-2021 10:47:44.938 INFO [main] org.apache.catalina.startup.VersionLoggerListener.log JVM Vendor:            Oracle Corporation
27-Jan-2021 10:47:44.939 INFO [main] org.apache.catalina.startup.VersionLoggerListener.log CATALINA_BASE:         C:\Users\Keko\eclipse-workspace\apache-tomcat-9.0.41
27-Jan-2021 10:47:44.939 INFO [main] org.apache.catalina.startup.VersionLoggerListener.log CATALINA_HOME:         C:\Users\Keko\eclipse-workspace\apache-tomcat-9.0.41
27-Jan-2021 10:47:44.961 INFO [main] org.apache.catalina.startup.VersionLoggerListener.log Command line argument: --add-opens=java.base/java.lang=ALL-UNNAMED
27-Jan-2021 10:47:44.961 INFO [main] org.apache.catalina.startup.VersionLoggerListener.log Command line argument: --add-opens=java.base/java.io=ALL-UNNAMED
27-Jan-2021 10:47:44.961 INFO [main] org.apache.catalina.startup.VersionLoggerListener.log Command line argument: --add-opens=java.rmi/sun.rmi.transport=ALL-UNNAMED
27-Jan-2021 10:47:44.962 INFO [main] org.apache.catalina.startup.VersionLoggerListener.log Command line argument: -Djava.util.logging.config.file=C:\Users\Keko\eclipse-workspace\apache-tomcat-9.0.41\conf\logging.properties
27-Jan-2021 10:47:44.962 INFO [main] org.apache.catalina.startup.VersionLoggerListener.log Command line argument: -Djava.util.logging.manager=org.apache.juli.ClassLoaderLogManager
27-Jan-2021 10:47:44.963 INFO [main] org.apache.catalina.startup.VersionLoggerListener.log Command line argument: -Djdk.tls.ephemeralDHKeySize=2048
27-Jan-2021 10:47:44.964 INFO [main] org.apache.catalina.startup.VersionLoggerListener.log Command line argument: -Djava.protocol.handler.pkgs=org.apache.catalina.webresources
27-Jan-2021 10:47:44.965 INFO [main] org.apache.catalina.startup.VersionLoggerListener.log Command line argument: -Dignore.endorsed.dirs=
27-Jan-2021 10:47:44.965 INFO [main] org.apache.catalina.startup.VersionLoggerListener.log Command line argument: -Dcatalina.base=C:\Users\Keko\eclipse-workspace\apache-tomcat-9.0.41
27-Jan-2021 10:47:44.966 INFO [main] org.apache.catalina.startup.VersionLoggerListener.log Command line argument: -Dcatalina.home=C:\Users\Keko\eclipse-workspace\apache-tomcat-9.0.41
27-Jan-2021 10:47:44.967 INFO [main] org.apache.catalina.startup.VersionLoggerListener.log Command line argument: -Djava.io.tmpdir=C:\Users\Keko\eclipse-workspace\apache-tomcat-9.0.41\temp
27-Jan-2021 10:47:44.978 INFO [main] org.apache.catalina.core.AprLifecycleListener.lifecycleEvent The Apache Tomcat Native library which allows using OpenSSL was not found on the java.library.path: [C:\Program Files\Java\jdk-14.0.2\bin;C:\WINDOWS\Sun\Java\bin;C:\WINDOWS\system32;C:\WINDOWS;C:\Program Files (x86)\Common Files\Oracle\Java\javapath;C:\WINDOWS\system32;C:\WINDOWS;C:\WINDOWS\System32\Wbem;C:\WINDOWS\System32\WindowsPowerShell\v1.0\;C:\WINDOWS\System32\OpenSSH\;C:\Program Files (x86)\ATI Technologies\ATI.ACE\Core-Static;C:\Program Files\Microsoft SQL Server\130\Tools\Binn\;C:\Program Files\Microsoft SQL Server\Client SDK\ODBC\170\Tools\Binn\;%JAVA_HOME%\bin;C:\wamp64\bin\php\php7.3.21;C:\Program Files\Git\cmd;C:\Program Files\Git\mingw64\bin;C:\Program Files\Git\usr\bin;C:\Program Files\nodejs\;C:\Program Files\dotnet\;C:\ProgramData\ComposerSetup\bin;C:\Program Files (x86)\dotnet\;C:\Program Files (x86)\Microsoft SQL Server\150\Tools\Binn\;C:\Program Files\Microsoft SQL Server\150\Tools\Binn\;C:\Program Files\Microsoft SQL Server\150\DTS\Binn\;C:\Program Files (x86)\Microsoft SQL Server\150\DTS\Binn\;C:\Program Files\Azure Data Studio\bin;C:\Users\Keko\AppData\Local\Microsoft\WindowsApps;C:\Users\Keko\.dotnet\tools;C:\Users\Keko\AppData\Local\atom\bin;C:\Users\Keko\AppData\Roaming\npm;C:\Users\Keko\.dotnet\tools;C:\Users\Keko\AppData\Roaming\Composer\vendor\bin;C:\Program Files\Azure Data Studio\bin;.]
27-Jan-2021 10:47:45.484 INFO [main] org.apache.coyote.AbstractProtocol.init Initializing ProtocolHandler ["http-nio-8080"]
27-Jan-2021 10:47:45.596 INFO [main] org.apache.catalina.startup.Catalina.load Server initialization in [996] milliseconds
27-Jan-2021 10:47:45.667 INFO [main] org.apache.catalina.core.StandardService.startInternal Starting service [Catalina]
27-Jan-2021 10:47:45.668 INFO [main] org.apache.catalina.core.StandardEngine.startInternal Starting Servlet engine: [Apache Tomcat/9.0.41]
27-Jan-2021 10:47:45.684 INFO [main] org.apache.catalina.startup.HostConfig.deployDirectory Deploying web application directory [C:\Users\Keko\eclipse-workspace\apache-tomcat-9.0.41\webapps\docs]
27-Jan-2021 10:47:46.147 INFO [main] org.apache.catalina.startup.HostConfig.deployDirectory Deployment of web application directory [C:\Users\Keko\eclipse-workspace\apache-tomcat-9.0.41\webapps\docs] has finished in [462] ms
27-Jan-2021 10:47:46.149 INFO [main] org.apache.catalina.startup.HostConfig.deployDirectory Deploying web application directory [C:\Users\Keko\eclipse-workspace\apache-tomcat-9.0.41\webapps\examples]
27-Jan-2021 10:47:47.030 INFO [main] org.apache.catalina.startup.HostConfig.deployDirectory Deployment of web application directory [C:\Users\Keko\eclipse-workspace\apache-tomcat-9.0.41\webapps\examples] has finished in [881] ms
27-Jan-2021 10:47:47.030 INFO [main] org.apache.catalina.startup.HostConfig.deployDirectory Deploying web application directory [C:\Users\Keko\eclipse-workspace\apache-tomcat-9.0.41\webapps\host-manager]
27-Jan-2021 10:47:47.092 INFO [main] org.apache.catalina.startup.HostConfig.deployDirectory Deployment of web application directory [C:\Users\Keko\eclipse-workspace\apache-tomcat-9.0.41\webapps\host-manager] has finished in [62] ms
27-Jan-2021 10:47:47.092 INFO [main] org.apache.catalina.startup.HostConfig.deployDirectory Deploying web application directory [C:\Users\Keko\eclipse-workspace\apache-tomcat-9.0.41\webapps\manager]
27-Jan-2021 10:47:47.155 INFO [main] org.apache.catalina.startup.HostConfig.deployDirectory Deployment of web application directory [C:\Users\Keko\eclipse-workspace\apache-tomcat-9.0.41\webapps\manager] has finished in [63] ms
27-Jan-2021 10:47:47.155 INFO [main] org.apache.catalina.startup.HostConfig.deployDirectory Deploying web application directory [C:\Users\Keko\eclipse-workspace\apache-tomcat-9.0.41\webapps\ROOT]
27-Jan-2021 10:47:47.201 INFO [main] org.apache.catalina.startup.HostConfig.deployDirectory Deployment of web application directory [C:\Users\Keko\eclipse-workspace\apache-tomcat-9.0.41\webapps\ROOT] has finished in [46] ms
27-Jan-2021 10:47:47.201 INFO [main] org.apache.coyote.AbstractProtocol.start Starting ProtocolHandler ["http-nio-8080"]
27-Jan-2021 10:47:47.217 INFO [main] org.apache.catalina.startup.Catalina.start Server startup in [1630] milliseconds
